<?xml version="1.0" encoding="UTF-8" ?>
<testsuite tests="11" failures="0" name="be.unamur.info.b314.compiler.main.SlipSyntaxVariablesTest" time="0.238" errors="0" skipped="0">
  <properties>
[...]
</properties>
  <testcase classname="be.unamur.info.b314.compiler.main.SlipSyntaxVariablesTest" name="test_type_ok" time="0.026"/>
  <testcase classname="be.unamur.info.b314.compiler.main.SlipSyntaxVariablesTest" name="test_structure_no_variable_ok" time="0.026"/>
  <testcase classname="be.unamur.info.b314.compiler.main.SlipSyntaxVariablesTest" name="test_more_than_one_variable_ok" time="0.052"/>
  <testcase classname="be.unamur.info.b314.compiler.main.SlipSyntaxVariablesTest" name="test_non_existant_type_ko" time="0.022"/>
  <testcase classname="be.unamur.info.b314.compiler.main.SlipSyntaxVariablesTest" name="test_incorrect_name_ko" time="0.007"/>
  <testcase classname="be.unamur.info.b314.compiler.main.SlipSyntaxVariablesTest" name="test_declaration_more_ok" time="0.012"/>
  <testcase classname="be.unamur.info.b314.compiler.main.SlipSyntaxVariablesTest" name="test_struct_ok" time="0.021"/>
  <testcase classname="be.unamur.info.b314.compiler.main.SlipSyntaxVariablesTest" name="test_missing_semicolon_ko" time="0.002"/>
  <testcase classname="be.unamur.info.b314.compiler.main.SlipSyntaxVariablesTest" name="test_declaration_ok" time="0.044"/>
  <testcase classname="be.unamur.info.b314.compiler.main.SlipSyntaxVariablesTest" name="test_enum_ok" time="0.011"/>
  <testcase classname="be.unamur.info.b314.compiler.main.SlipSyntaxVariablesTest" name="test_and_var_wrong_type_2_ok" time="0.015"/>
</testsuite>