<?xml version="1.0" encoding="UTF-8" ?>
<testsuite tests="19" failures="0" name="be.unamur.info.b314.compiler.main.B314commentsSyntaxTest" time="0.469" errors="0" skipped="0">
  <properties>
[...]
</properties>
  <testcase classname="be.unamur.info.b314.compiler.main.B314commentsSyntaxTest" name="test_variable_global_struct" time="0.02"/>
  <testcase classname="be.unamur.info.b314.compiler.main.B314commentsSyntaxTest" name="test_variable_global_array_no_dimension" time="0.009"/>
  <testcase classname="be.unamur.info.b314.compiler.main.B314commentsSyntaxTest" name="test_variable_global_array_missing_comma_2d" time="0.015"/>
  <testcase classname="be.unamur.info.b314.compiler.main.B314commentsSyntaxTest" name="test_missing_main_function" time="0.012"/>
  <testcase classname="be.unamur.info.b314.compiler.main.B314commentsSyntaxTest" name="test_empty_import" time="0.01"/>
  <testcase classname="be.unamur.info.b314.compiler.main.B314commentsSyntaxTest" name="test_comment_multiline" time="0.064"/>
  <testcase classname="be.unamur.info.b314.compiler.main.B314commentsSyntaxTest" name="test_variable_global_array" time="0.034"/>
  <testcase classname="be.unamur.info.b314.compiler.main.B314commentsSyntaxTest" name="test_variable_global_missing_semicolon" time="0.016"/>
  <testcase classname="be.unamur.info.b314.compiler.main.B314commentsSyntaxTest" name="test_comment_more" time="0.007"/>
  <testcase classname="be.unamur.info.b314.compiler.main.B314commentsSyntaxTest" name="test_full_program" time="0.01"/>
  <testcase classname="be.unamur.info.b314.compiler.main.B314commentsSyntaxTest" name="test_variable_global_non_existant_type" time="0.021"/>
  <testcase classname="be.unamur.info.b314.compiler.main.B314commentsSyntaxTest" name="test_comment_singleline_incorrect" time="0.016"/>
  <testcase classname="be.unamur.info.b314.compiler.main.B314commentsSyntaxTest" name="test_variable_global_incorrect_name" time="0.033"/>
  <testcase classname="be.unamur.info.b314.compiler.main.B314commentsSyntaxTest" name="test_variable_global_declaration" time="0.019"/>
  <testcase classname="be.unamur.info.b314.compiler.main.B314commentsSyntaxTest" name="test_variable_global_declaration_more" time="0.024"/>
  <testcase classname="be.unamur.info.b314.compiler.main.B314commentsSyntaxTest" name="test_action_jump" time="0.079"/>
  <testcase classname="be.unamur.info.b314.compiler.main.B314commentsSyntaxTest" name="test_import_string" time="0.031"/>
  <testcase classname="be.unamur.info.b314.compiler.main.B314commentsSyntaxTest" name="test_variable_global_array_multi_dimension" time="0.026"/>
  <testcase classname="be.unamur.info.b314.compiler.main.B314commentsSyntaxTest" name="test_comment_singleline" time="0.023"/>
</testsuite>