<?xml version="1.0" encoding="UTF-8" ?>
<testsuite tests="28" failures="0" name="be.unamur.info.b314.compiler.main.B314commentsSyntaxTest" time="0.698" errors="0" skipped="0">
  <properties>
[...]
</properties>
  <testcase classname="be.unamur.info.b314.compiler.main.B314commentsSyntaxTest" name="testcomments_array_multi_dimension_ok" time="0.156"/>
  <testcase classname="be.unamur.info.b314.compiler.main.B314commentsSyntaxTest" name="testcomments_type_ok" time="0.026"/>
  <testcase classname="be.unamur.info.b314.compiler.main.B314commentsSyntaxTest" name="testcomments_more_than_one_variable_ok" time="0.129"/>
  <testcase classname="be.unamur.info.b314.compiler.main.B314commentsSyntaxTest" name="testcomments_jump_incorrect_type_ok" time="0.023"/>
  <testcase classname="be.unamur.info.b314.compiler.main.B314commentsSyntaxTest" name="testcomments_non_existant_type_ko" time="0.017"/>
  <testcase classname="be.unamur.info.b314.compiler.main.B314commentsSyntaxTest" name="testcomments_array_missing_comma_2d_ko" time="0.013"/>
  <testcase classname="be.unamur.info.b314.compiler.main.B314commentsSyntaxTest" name="testcomments_map_ko" time="0.013"/>
  <testcase classname="be.unamur.info.b314.compiler.main.B314commentsSyntaxTest" name="testcomments_full_program_ok" time="0.014"/>
  <testcase classname="be.unamur.info.b314.compiler.main.B314commentsSyntaxTest" name="testcomments_array_no_dimension_ko" time="0.014"/>
  <testcase classname="be.unamur.info.b314.compiler.main.B314commentsSyntaxTest" name="testcomments_no_dig_instruction_ko" time="0.018"/>
  <testcase classname="be.unamur.info.b314.compiler.main.B314commentsSyntaxTest" name="testcomments_multiline_ok" time="0.028"/>
  <testcase classname="be.unamur.info.b314.compiler.main.B314commentsSyntaxTest" name="testcomments_declaration_ok" time="0.031"/>
  <testcase classname="be.unamur.info.b314.compiler.main.B314commentsSyntaxTest" name="testcomments_map1_ok" time="0.008"/>
  <testcase classname="be.unamur.info.b314.compiler.main.B314commentsSyntaxTest" name="testcomments_map2_ok" time="0.007"/>
  <testcase classname="be.unamur.info.b314.compiler.main.B314commentsSyntaxTest" name="testcomments_empty_import_ko" time="0.032"/>
  <testcase classname="be.unamur.info.b314.compiler.main.B314commentsSyntaxTest" name="testcomments_import_string_ko" time="0.008"/>
  <testcase classname="be.unamur.info.b314.compiler.main.B314commentsSyntaxTest" name="testcomments_more_ok" time="0.008"/>
  <testcase classname="be.unamur.info.b314.compiler.main.B314commentsSyntaxTest" name="testcomments_missing_main_function_ko" time="0.01"/>
  <testcase classname="be.unamur.info.b314.compiler.main.B314commentsSyntaxTest" name="testcomments_missing_semicolon_ko" time="0.008"/>
  <testcase classname="be.unamur.info.b314.compiler.main.B314commentsSyntaxTest" name="testcomments_struct_ok" time="0.007"/>
  <testcase classname="be.unamur.info.b314.compiler.main.B314commentsSyntaxTest" name="testcomments_incorrect_name_ko" time="0.008"/>
  <testcase classname="be.unamur.info.b314.compiler.main.B314commentsSyntaxTest" name="testcomments_declaration_more_ok" time="0.006"/>
  <testcase classname="be.unamur.info.b314.compiler.main.B314commentsSyntaxTest" name="testcomments_comment_singleline_incorrect_ko" time="0.008"/>
  <testcase classname="be.unamur.info.b314.compiler.main.B314commentsSyntaxTest" name="testcomments_singleline_ok" time="0.009"/>
  <testcase classname="be.unamur.info.b314.compiler.main.B314commentsSyntaxTest" name="testcomments_array_ok" time="0.004"/>
  <testcase classname="be.unamur.info.b314.compiler.main.B314commentsSyntaxTest" name="testcomments_enum_ok" time="0.011"/>
  <testcase classname="be.unamur.info.b314.compiler.main.B314commentsSyntaxTest" name="testcomments_structure_no_variable_ok" time="0.068"/>
  <testcase classname="be.unamur.info.b314.compiler.main.B314commentsSyntaxTest" name="testcomments_jump_ok" time="0.014"/>
</testsuite>